\BOOKMARK [1][-]{tableofcontents.1}{Contents}{}% 1
\BOOKMARK [1][-]{lof.1}{List\040of\040Figures}{}% 2
\BOOKMARK [1][-]{lot.1}{List\040of\040Tables}{}% 3
\BOOKMARK [1][-]{lol.1}{Listings}{}% 4
\BOOKMARK [1][-]{acronyms.1}{Acronyms}{}% 5
\BOOKMARK [0][]{chapter.1}{1\040Things\040to\040investigate\040and\040understand\040-\040TO\040DO}{}% 6
\BOOKMARK [1][-]{section.1.1}{1.1\040Applications\040of\040QFT}{chapter.1}% 7
\BOOKMARK [0][]{chapter.2}{2\040Relativistic\040Theory\040and\040its\040tensor\040structure}{}% 8
\BOOKMARK [1][-]{section.2.1}{2.1\040The\040Principle\040of\040Relativity}{chapter.2}% 9
\BOOKMARK [1][-]{section.2.2}{2.2\040Lorentz\040invariant\040integrals}{chapter.2}% 10
\BOOKMARK [1][-]{section.2.3}{2.3\040Lagrangian\040formalism}{chapter.2}% 11
\BOOKMARK [2][-]{subsection.2.3.1}{2.3.1\040Noether's\040theorem\040and\040symmetries}{section.2.3}% 12
\BOOKMARK [2][-]{subsection.2.3.2}{2.3.2\040Canonical\040angular\040momentum\040tensor\040and\040centre\040of\040energy}{section.2.3}% 13
\BOOKMARK [1][-]{section.2.4}{2.4\040Hamiltonian\040formalism}{chapter.2}% 14
\BOOKMARK [0][]{chapter.3}{3\040Group\040theory\040and\040representation\040of\040the\040Lorentz\040group}{}% 15
\BOOKMARK [1][-]{section.3.1}{3.1\040Group\040Theory}{chapter.3}% 16
\BOOKMARK [2][-]{subsection.3.1.1}{3.1.1\040Introduction}{section.3.1}% 17
\BOOKMARK [2][-]{subsection.3.1.2}{3.1.2\040Lie-Group,\040Lie-Algebras\040and\040their\040Representations}{section.3.1}% 18
\BOOKMARK [2][-]{subsection.3.1.3}{3.1.3\040Representations}{section.3.1}% 19
\BOOKMARK [2][-]{subsection.3.1.4}{3.1.4\040Young-Tableaux}{section.3.1}% 20
\BOOKMARK [2][-]{subsection.3.1.5}{3.1.5\040Lie\040groups,\040Lie\040algebras\040and\040their\040representation}{section.3.1}% 21
\BOOKMARK [1][-]{section.3.2}{3.2 Lorentz group SO\(3,1\) structure and Poincaré group}{chapter.3}% 22
\BOOKMARK [2][-]{subsection.3.2.1}{3.2.1\040Principle\040of\040relativity\040in\040the\040Lagrangian\040formalism\040}{section.3.2}% 23
\BOOKMARK [2][-]{subsection.3.2.2}{3.2.2\040Generators\040of\040boosts\040and\040rotations\040in\040Minkowski\040space}{section.3.2}% 24
\BOOKMARK [2][-]{subsection.3.2.3}{3.2.3\040Representation\040of\040the\040Lorentz\040group}{section.3.2}% 25
\BOOKMARK [2][-]{subsection.3.2.4}{3.2.4\040The\040Lorentz\040group\040SO\(1,3\)}{section.3.2}% 26
\BOOKMARK [2][-]{subsection.3.2.5}{3.2.5\040Representations\040of\040the\040Lorentz\040group}{section.3.2}% 27
\BOOKMARK [2][-]{subsection.3.2.6}{3.2.6\040The\040Poincare\040group\040and\040associated\040Lie\040algebra}{section.3.2}% 28
\BOOKMARK [2][-]{subsection.3.2.7}{3.2.7\040The\040Dirac\040spinor\040representation}{section.3.2}% 29
\BOOKMARK [2][-]{subsection.3.2.8}{3.2.8\040Lorentz\040tensor-\040and\040spinor-fields}{section.3.2}% 30
\BOOKMARK [0][]{chapter.4}{4\040Quantum\040Field\040Theory,\040canonical\040quantization}{}% 31
\BOOKMARK [1][-]{section.4.1}{4.1\040On\040the\040transition\040to\040a\040quantized\040field\040theory}{chapter.4}% 32
\BOOKMARK [2][-]{subsection.4.1.1}{4.1.1\040Principles\040of\040quantum\040theory}{section.4.1}% 33
\BOOKMARK [2][-]{subsection.4.1.2}{4.1.2\040Wigner's\040theorem}{section.4.1}% 34
\BOOKMARK [2][-]{subsection.4.1.3}{4.1.3\040Lorentz\040invariance\040in\040quantum\040theory}{section.4.1}% 35
\BOOKMARK [2][-]{subsection.4.1.4}{4.1.4\040Necessary\040principles\040to\040built\040a\040QFT}{section.4.1}% 36
\BOOKMARK [1][-]{section.4.2}{4.2\040Symmetries}{chapter.4}% 37
\BOOKMARK [2][-]{subsection.4.2.1}{4.2.1\040Discrete\040Symmetries}{section.4.2}% 38
\BOOKMARK [2][-]{subsection.4.2.2}{4.2.2\040Continuous\040symmetry}{section.4.2}% 39
\BOOKMARK [2][-]{subsection.4.2.3}{4.2.3\040Gauge\040symmetries}{section.4.2}% 40
\BOOKMARK [1][-]{section.4.3}{4.3\040The\040Free\040Scalar\040Field}{chapter.4}% 41
\BOOKMARK [2][-]{subsection.4.3.1}{4.3.1\040Why\040Quantum\040Field\040Theory?}{section.4.3}% 42
\BOOKMARK [2][-]{subsection.4.3.2}{4.3.2 Schrödinger equation and the Schrödinger picture}{section.4.3}% 43
\BOOKMARK [2][-]{subsection.4.3.3}{4.3.3\040Heisenberg\040equation\040and\040Hei